\BOOKMARK [-1][-]{part.1}{I 基础知识}{}% 1
\BOOKMARK [0][-]{chapter.1}{硬件}{part.1}% 2
\BOOKMARK [1][-]{section.1.1}{常见接口}{chapter.1}% 3
\BOOKMARK [2][-]{subsection.1.1.1}{SPI}{section.1.1}% 4
\BOOKMARK [2][-]{subsection.1.1.2}{I2C}{section.1.1}% 5
\BOOKMARK [2][-]{subsection.1.1.3}{UEXT}{section.1.1}% 6
\BOOKMARK [2][-]{subsection.1.1.4}{PCI}{section.1.1}% 7
\BOOKMARK [2][-]{subsection.1.1.5}{MII}{section.1.1}% 8
\BOOKMARK [2][-]{subsection.1.1.6}{PCI-E}{section.1.1}% 9
\BOOKMARK [1][-]{section.1.2}{主板结构}{chapter.1}% 10
\BOOKMARK [2][-]{subsection.1.2.1}{芯片组}{section.1.2}% 11
\BOOKMARK [2][-]{subsection.1.2.2}{前端总线}{section.1.2}% 12
\BOOKMARK [2][-]{subsection.1.2.3}{内频与总线速率}{section.1.2}% 13
\BOOKMARK [2][-]{subsection.1.2.4}{HyperTransport}{section.1.2}% 14
\BOOKMARK [2][-]{subsection.1.2.5}{已过时的CNR插槽}{section.1.2}% 15
\BOOKMARK [1][-]{section.1.3}{OC速率}{chapter.1}% 16
\BOOKMARK [1][-]{section.1.4}{硬件测试相关知识}{chapter.1}% 17
\BOOKMARK [2][-]{subsection.1.4.1}{JTAG}{section.1.4}% 18
\BOOKMARK [2][-]{subsection.1.4.2}{DUT}{section.1.4}% 19
\BOOKMARK [0][-]{chapter.2}{系统软件}{part.1}% 20
\BOOKMARK [1][-]{section.2.1}{字符编码}{chapter.2}% 21
\BOOKMARK [2][-]{subsection.2.1.1}{ASCII与ISO/IEC 646}{section.2.1}% 22
\BOOKMARK [2][-]{subsection.2.1.2}{ISO\0408859}{section.2.1}% 23
\BOOKMARK [2][-]{subsection.2.1.3}{通用字符集}{section.2.1}% 24
\BOOKMARK [2][-]{subsection.2.1.4}{Unicode}{section.2.1}% 25
\BOOKMARK [2][-]{subsection.2.1.5}{UTF}{section.2.1}% 26
\BOOKMARK [2][-]{subsection.2.1.6}{UTF-8}{section.2.1}% 27
\BOOKMARK [2][-]{subsection.2.1.7}{UTF-16}{section.2.1}% 28
\BOOKMARK [2][-]{subsection.2.1.8}{大小端和BOM}{section.2.1}% 29
\BOOKMARK [2][-]{subsection.2.1.9}{汉字内码}{section.2.1}% 30
\BOOKMARK [2][-]{subsection.2.1.10}{GB2312与区位码}{section.2.1}% 31
\BOOKMARK [2][-]{subsection.2.1.11}{微软GBK}{section.2.1}% 32
\BOOKMARK [2][-]{subsection.2.1.12}{GB18030}{section.2.1}% 33
\BOOKMARK [2][-]{subsection.2.1.13}{ISO\0402022}{section.2.1}% 34
\BOOKMARK [1][-]{section.2.2}{数字证书}{chapter.2}% 35
\BOOKMARK [1][-]{section.2.3}{大小端}{chapter.2}% 36
\BOOKMARK [1][-]{section.2.4}{字体基础知识}{chapter.2}% 37
\BOOKMARK [2][-]{subsection.2.4.1}{字库标准}{section.2.4}% 38
\BOOKMARK [2][-]{subsection.2.4.2}{ClearType技术}{section.2.4}% 39
\BOOKMARK [2][-]{subsection.2.4.3}{字体文件格式}{section.2.4}% 40
\BOOKMARK [2][-]{subsection.2.4.4}{常见商业字体}{section.2.4}% 41
\BOOKMARK [1][-]{section.2.5}{字号}{chapter.2}% 42
\BOOKMARK [0][-]{chapter.3}{网络基础}{part.1}% 43
\BOOKMARK [1][-]{section.3.1}{比特率单位规范}{chapter.3}% 44
\BOOKMARK [1][-]{section.3.2}{网络连接查询netstat}{chapter.3}% 45
\BOOKMARK [1][-]{section.3.3}{Tcpdump用法举例}{chapter.3}% 46
\BOOKMARK [1][-]{section.3.4}{Ping高级用法}{chapter.3}% 47
\BOOKMARK [1][-]{section.3.5}{Wireshark用法举例}{chapter.3}% 48
\BOOKMARK [1][-]{section.3.6}{网络流量测量}{chapter.3}% 49
\BOOKMARK [2][-]{subsection.3.6.1}{简单测量}{section.3.6}% 50
\BOOKMARK [2][-]{subsection.3.6.2}{vnstat工具}{section.3.6}% 51
\BOOKMARK [2][-]{subsection.3.6.3}{iftop工具}{section.3.6}% 52
\BOOKMARK [2][-]{subsection.3.6.4}{sar工具}{section.3.6}% 53
\BOOKMARK [2][-]{subsection.3.6.5}{ifstat工具}{section.3.6}% 54
\BOOKMARK [2][-]{subsection.3.6.6}{ntop工具}{section.3.6}% 55
\BOOKMARK [2][-]{subsection.3.6.7}{iptraf工具}{section.3.6}% 56
\BOOKMARK [2][-]{subsection.3.6.8}{slurm工具}{section.3.6}% 57
\BOOKMARK [2][-]{subsection.3.6.9}{SmartBits仪表使用}{section.3.6}% 58
\BOOKMARK [1][-]{section.3.7}{TCP/IP报文长度}{chapter.3}% 59
\BOOKMARK [1][-]{section.3.8}{以太网包头格式}{chapter.3}% 60
\BOOKMARK [1][-]{section.3.9}{IPv4包头格式}{chapter.3}% 61
\BOOKMARK [1][-]{section.3.10}{IPv6包头格式}{chapter.3}% 62
\BOOKMARK [1][-]{section.3.11}{TCP包头格式}{chapter.3}% 63
\BOOKMARK [1][-]{section.3.12}{UDP包头格式}{chapter.3}% 64
\BOOKMARK [1][-]{section.3.13}{显式拥塞通告}{chapter.3}% 65
\BOOKMARK [1][-]{section.3.14}{ICMP包头格式}{chapter.3}% 66
\BOOKMARK [0][-]{chapter.4}{数据库系统}{part.1}% 67
\BOOKMARK [1][-]{section.4.1}{sqlite3用法}{chapter.4}% 68
\BOOKMARK [2][-]{subsection.4.1.1}{backup和restore}{section.4.1}% 69
\BOOKMARK [2][-]{subsection.4.1.2}{SQL脚本}{section.4.1}% 70
\BOOKMARK [2][-]{subsection.4.1.3}{时间与日期}{section.4.1}% 71
\BOOKMARK [1][-]{section.4.2}{SQL}{chapter.4}% 72
\BOOKMARK [2][-]{subsection.4.2.1}{语法分析}{section.4.2}% 73
\BOOKMARK [2][-]{subsection.4.2.2}{真值逻辑}{section.4.2}% 74
\BOOKMARK [2][-]{subsection.4.2.3}{ANSI SQL数据类型}{section.4.2}% 75
\BOOKMARK [2][-]{subsection.4.2.4}{关键词}{section.4.2}% 76
\BOOKMARK [2][-]{subsection.4.2.5}{连接join}{section.4.2}% 77
\BOOKMARK [2][-]{subsection.4.2.6}{举例}{section.4.2}% 78
\BOOKMARK [-1][-]{part.2}{II 系统操作}{}% 79
\BOOKMARK [0][-]{chapter.5}{Linux\040Desktop}{part.2}% 80
\BOOKMARK [1][-]{section.5.1}{Ubuntu/Deepin安装后的配置}{chapter.5}% 81
\BOOKMARK [2][-]{subsection.5.1.1}{配置网络和locale}{section.5.1}% 82
\BOOKMARK [2][-]{subsection.5.1.2}{硬盘设置}{section.5.1}% 83
\BOOKMARK [2][-]{subsection.5.1.3}{软件安装}{section.5.1}% 84
\BOOKMARK [2][-]{subsection.5.1.4}{系统设置工具一览}{section.5.1}% 85
\BOOKMARK [2][-]{subsection.5.1.5}{设置unity白名单}{section.5.1}% 86
\BOOKMARK [2][-]{subsection.5.1.6}{字体配置}{section.5.1}% 87
\BOOKMARK [2][-]{subsection.5.1.7}{主菜单配置}{section.5.1}% 88
\BOOKMARK [2][-]{subsection.5.1.8}{默认程序配置}{section.5.1}% 89
\BOOKMARK [2][-]{subsection.5.1.9}{开机自启动程序}{section.5.1}% 90
\BOOKMARK [2][-]{subsection.5.1.10}{桌面启动器配置}{section.5.1}% 91
\BOOKMARK [1][-]{section.5.2}{系统备份}{chapter.5}% 92
\BOOKMARK [1][-]{section.5.3}{ISO镜像与光盘}{chapter.5}% 93
\BOOKMARK [1][-]{section.5.4}{制作USB启动盘}{chapter.5}% 94
\BOOKMARK [1][-]{section.5.5}{中文输入与显示问题}{chapter.5}% 95
\BOOKMARK [2][-]{subsection.5.5.1}{修改locale为GB18030}{section.5.5}% 96
\BOOKMARK [2][-]{subsection.5.5.2}{Evolution客户端没有附件}{section.5.5}% 97
\BOOKMARK [2][-]{subsection.5.5.3}{查看文件编码}{section.5.5}% 98
\BOOKMARK [2][-]{subsection.5.5.4}{转换文件名由GBK为UTF8}{section.5.5}% 99
\BOOKMARK [2][-]{subsection.5.5.5}{文字大小不一致}{section.5.5}% 100
\BOOKMARK [2][-]{subsection.5.5.6}{gedit中文乱码}{section.5.5}% 101
\BOOKMARK [2][-]{subsection.5.5.7}{vim字符编码}{section.5.5}% 102
\BOOKMARK [2][-]{subsection.5.5.8}{PDF 文件乱码}{section.5.5}% 103
\BOOKMARK [2][-]{subsection.5.5.9}{unzip中文文件名乱码}{section.5.5}% 104
\BOOKMARK [2][-]{subsection.5.5.10}{输入法问题}{section.5.5}% 105
\BOOKMARK [1][-]{section.5.6}{中文字体的安装使用}{chapter.5}% 106
\BOOKMARK [2][-]{subsection.5.6.1}{查看已安装的中文字体}{section.5.6}% 107
\BOOKMARK [2][-]{subsection.5.6.2}{安装文泉驿字体}{section.5.6}% 108
\BOOKMARK [2][-]{subsection.5.6.3}{安装文鼎字体}{section.5.6}% 109
\BOOKMARK [2][-]{subsection.5.6.4}{安装Windows字体}{section.5.6}% 110
\BOOKMARK [2][-]{subsection.5.6.5}{字体大小}{section.5.6}% 111
\BOOKMARK [2][-]{subsection.5.6.6}{字体与文件名对照}{section.5.6}% 112
\BOOKMARK [1][-]{section.5.7}{LinuxDeepin 12.06源地址}{chapter.5}% 113
\BOOKMARK [1][-]{section.5.8}{常见错误与异常}{chapter.5}% 114
\BOOKMARK [1][-]{section.5.9}{软件界面的绿豆沙色背景}{chapter.5}% 115
\BOOKMARK [1][-]{section.5.10}{Fedora16安装之后}{chapter.5}% 116
\BOOKMARK [2][-]{subsection.5.10.1}{配置网络}{section.5.10}% 117
\BOOKMARK [2][-]{subsection.5.10.2}{配置时间和地区}{section.5.10}% 118
\BOOKMARK [2][-]{subsection.5.10.3}{配置更新源}{section.5.10}% 119
\BOOKMARK [2][-]{subsection.5.10.4}{升级系统}{section.5.10}% 120
\BOOKMARK [2][-]{subsection.5.10.5}{配置字体}{section.5.10}% 121
\BOOKMARK [2][-]{subsection.5.10.6}{安装系统工具}{section.5.10}% 122
\BOOKMARK [2][-]{subsection.5.10.7}{安装常用软件}{section.5.10}% 123
\BOOKMARK [2][-]{subsection.5.10.8}{卸载不需要的软件}{section.5.10}% 124
\BOOKMARK [2][-]{subsection.5.10.9}{修改默认应用程序}{section.5.10}% 125
\BOOKMARK [2][-]{subsection.5.10.10}{配置硬盘自动挂载}{section.5.10}% 126
\BOOKMARK [2][-]{subsection.5.10.11}{关闭SELinux}{section.5.10}% 127
\BOOKMARK [1][-]{section.5.11}{Grub与系统登录}{chapter.5}% 128
\BOOKMARK [2][-]{subsection.5.11.1}{修改Grub配置}{section.5.11}% 129
\BOOKMARK [2][-]{subsection.5.11.2}{安装Grub}{section.5.11}% 130
\BOOKMARK [2][-]{subsection.5.11.3}{登陆密码恢复}{section.5.11}% 131
\BOOKMARK [1][-]{section.5.12}{lightdm登录配置}{chapter.5}% 132
\BOOKMARK [1][-]{section.5.13}{主机网络配置}{chapter.5}% 133
\BOOKMARK [2][-]{subsection.5.13.1}{配置IP地址和DNS}{section.5.13}% 134
\BOOKMARK [2][-]{subsection.5.13.2}{代理设置}{section.5.13}% 135
\BOOKMARK [2][-]{subsection.5.13.3}{备注}{section.5.13}% 136
\BOOKMARK [1][-]{section.5.14}{工作打印机配置}{chapter.5}% 137
\BOOKMARK [2][-]{subsection.5.14.1}{Windows XP下连接打印机}{section.5.14}% 138
\BOOKMARK [2][-]{subsection.5.14.2}{Gnome桌面连接打印机}{section.5.14}% 139
\BOOKMARK [1][-]{section.5.15}{Ubuntu快捷键}{chapter.5}% 140
\BOOKMARK [2][-]{subsection.5.15.1}{Gnome}{section.5.15}% 141
\BOOKMARK [2][-]{subsection.5.15.2}{General\040Frame\040Window}{section.5.15}% 142
\BOOKMARK [2][-]{subsection.5.15.3}{Nautilus}{section.5.15}% 143
\BOOKMARK [2][-]{subsection.5.15.4}{Terminal}{section.5.15}% 144
\BOOKMARK [2][-]{subsection.5.15.5}{tty切换}{section.5.15}% 145
\BOOKMARK [1][-]{section.5.16}{Ubuntu软件安装与管理}{chapter.5}% 146
\BOOKMARK [1][-]{section.5.17}{软件包安装与管理}{chapter.5}% 147
\BOOKMARK [1][-]{section.5.18}{网络对时}{chapter.5}% 148
\BOOKMARK [0][-]{chapter.6}{RSPE相关操作}{part.2}% 149
\BOOKMARK [1][-]{section.6.1}{ACTA-8000启动}{chapter.6}% 150
\BOOKMARK [2][-]{subsection.6.1.1}{CPUA启动}{section.6.1}% 151
\BOOKMARK [1][-]{section.6.2}{设置bootcmd}{chapter.6}% 152
\BOOKMARK [1][-]{section.6.3}{OCTEON模拟器环境下的GDB调试}{chapter.6}% 153
\BOOKMARK [1][-]{section.6.4}{OCTEON服务器登录}{chapter.6}% 154
\BOOKMARK [2][-]{subsection.6.4.1}{ACTA-7200登录}{section.6.4}% 155
\BOOKMARK [2][-]{subsection.6.4.2}{Hili登录}{section.6.4}% 156
\BOOKMARK [1][-]{section.6.5}{OCTEON-SDK的使用}{chapter.6}% 157
\BOOKMARK [2][-]{subsection.6.5.1}{安装SDK}{section.6.5}% 158
\BOOKMARK [2][-]{subsection.6.5.2}{设置环境变量}{section.6.5}% 159
\BOOKMARK [2][-]{subsection.6.5.3}{查看SDK版本}{section.6.5}% 160
\BOOKMARK [1][-]{section.6.6}{开机运行}{chapter.6}% 161
\BOOKMARK [2][-]{subsection.6.6.1}{CPUA启动}{section.6.6}% 162
\BOOKMARK [1][-]{section.6.7}{SE程序设计与编译}{chapter.6}% 163
\BOOKMARK [2][-]{subsection.6.7.1}{资源配置}{section.6.7}% 164
\BOOKMARK [1][-]{section.6.8}{IP-SAN连接}{chapter.6}% 165
\BOOKMARK [1][-]{section.6.9}{运行时系统信息识别}{chapter.6}% 166
\BOOKMARK [2][-]{subsection.6.9.1}{processor_id}{section.6.9}% 167
\BOOKMARK [2][-]{subsection.6.9.2}{OCTEON MODEL识别}{section.6.9}% 168
\BOOKMARK [2][-]{subsection.6.9.3}{是否为模拟器}{section.6.9}% 169
\BOOKMARK [0][-]{chapter.7}{Linux服务器}{part.2}% 170
\BOOKMARK [1][-]{section.7.1}{网络流量测量}{chapter.7}% 171
\BOOKMARK [2][-]{subsection.7.1.1}{简单测量}{section.7.1}% 172
\BOOKMARK [2][-]{subsection.7.1.2}{vnstat工具}{section.7.1}% 173
\BOOKMARK [2][-]{subsection.7.1.3}{iftop工具}{section.7.1}% 174
\BOOKMARK [2][-]{subsection.7.1.4}{sar工具}{section.7.1}% 175
\BOOKMARK [2][-]{subsection.7.1.5}{ifstat工具}{section.7.1}% 176
\BOOKMARK [2][-]{subsection.7.1.6}{ntop工具}{section.7.1}% 177
\BOOKMARK [2][-]{subsection.7.1.7}{iptraf工具}{section.7.1}% 178
\BOOKMARK [2][-]{subsection.7.1.8}{slurm工具}{section.7.1}% 179
\BOOKMARK [1][-]{section.7.2}{磁盘速率测量}{chapter.7}% 180
\BOOKMARK [1][-]{section.7.3}{资源消耗查询}{chapter.7}% 181
\BOOKMARK [1][-]{section.7.4}{dstat工具}{chapter.7}% 182
\BOOKMARK [1][-]{section.7.5}{环境变量}{chapter.7}% 183
\BOOKMARK [1][-]{section.7.6}{文件查找工具}{chapter.7}% 184
\BOOKMARK [1][-]{section.7.7}{主机硬件与OS信息查询}{chapter.7}% 185
\BOOKMARK [1][-]{section.7.8}{日志信息}{chapter.7}% 186
\BOOKMARK [2][-]{subsection.7.8.1}{查看用户连接信息}{section.7.8}% 187
\BOOKMARK [2][-]{subsection.7.8.2}{命令历史记录}{section.7.8}% 188
\BOOKMARK [2][-]{subsection.7.8.3}{进程清算\(accounting\)}{section.7.8}% 189
\BOOKMARK [2][-]{subsection.7.8.4}{内核日志}{section.7.8}% 190
\BOOKMARK [2][-]{subsection.7.8.5}{系统与服务日志}{section.7.8}% 191
\BOOKMARK [2][-]{subsection.7.8.6}{日志转储}{section.7.8}% 192
\BOOKMARK [1][-]{section.7.9}{minicom串口配置}{chapter.7}% 193
\BOOKMARK [1][-]{section.7.10}{RHEL网络配置}{chapter.7}% 194
\BOOKMARK [1][-]{section.7.11}{网络连接查询netstat}{chapter.7}% 195
\BOOKMARK [1][-]{section.7.12}{网络连接故障原因}{chapter.7}% 196
\BOOKMARK [1][-]{section.7.13}{分区创建与挂载}{chapter.7}% 197
\BOOKMARK [2][-]{subsection.7.13.1}{分区查看与创建}{section.7.13}% 198
\BOOKMARK [2][-]{subsection.7.13.2}{分区格式化}{section.7.13}% 199
\BOOKMARK [2][-]{subsection.7.13.3}{分区挂载}{section.7.13}% 200
\BOOKMARK [1][-]{section.7.14}{进程查看与控制}{chapter.7}% 201
\BOOKMARK [2][-]{subsection.7.14.1}{进程查找}{section.7.14}% 202
\BOOKMARK [2][-]{subsection.7.14.2}{单一进程查看}{section.7.14}% 203
\BOOKMARK [2][-]{subsection.7.14.3}{信号发送}{section.7.14}% 204
\BOOKMARK [2][-]{subsection.7.14.4}{X下杀死进程}{section.7.14}% 205
\BOOKMARK [1][-]{section.7.15}{RHEL配置yum}{chapter.7}% 206
\BOOKMARK [1][-]{section.7.16}{SmartBits仪表使用}{chapter.7}% 207
\BOOKMARK [1][-]{section.7.17}{SSH免密登录}{chapter.7}% 208
\BOOKMARK [2][-]{subsection.7.17.1}{sshpass}{section.7.17}% 209
\BOOKMARK [2][-]{subsection.7.17.2}{服务器端保存客户机公钥}{section.7.17}% 210
\BOOKMARK [1][-]{section.7.18}{sshd服务启动}{chapter.7}% 211
\BOOKMARK [1][-]{section.7.19}{Ubuntu系统服务}{chapter.7}% 212
\BOOKMARK [1][-]{section.7.20}{RHEL系统服务}{chapter.7}% 213
\BOOKMARK [1][-]{section.7.21}{Tcpdump用法举例}{chapter.7}% 214
\BOOKMARK [1][-]{section.7.22}{tftp服务器端安装}{chapter.7}% 215
\BOOKMARK [1][-]{section.7.23}{用户与组}{chapter.7}% 216
\BOOKMARK [2][-]{subsection.7.23.1}{用户增加与删除}{section.7.23}% 217
\BOOKMARK [2][-]{subsection.7.23.2}{设置用户为sudoer}{section.7.23}% 218
\BOOKMARK [2][-]{subsection.7.23.3}{查看用户所在组}{section.7.23}% 219
\BOOKMARK [2][-]{subsection.7.23.4}{用户的shell}{section.7.23}% 220
\BOOKMARK [2][-]{subsection.7.23.5}{修改用户名和主机名}{section.7.23}% 221
\BOOKMARK [2][-]{subsection.7.23.6}{用户密码}{section.7.23}% 222
\BOOKMARK [-1][-]{part.3}{III 桌面应用操作}{}% 223
\BOOKMARK [0][-]{chapter.8}{Latex与办公套件}{part.3}% 224
\BOOKMARK [1][-]{section.8.1}{Latex中文环境安装}{chapter.8}% 225
\BOOKMARK [2][-]{subsection.8.1.1}{基于CJK宏包的方法}{section.8.1}% 226
\BOOKMARK [2][-]{subsection.8.1.2}{基于xeCJK宏包的方法}{section.8.1}% 227
\BOOKMARK [2][-]{subsection.8.1.3}{CTEX}{section.8.1}% 228
\BOOKMARK [2][-]{subsection.8.1.4}{从CTAN安装texlive}{section.8.1}% 229
\BOOKMARK [2][-]{subsection.8.1.5}{背景知识}{section.8.1}% 230
\BOOKMARK [1][-]{section.8.2}{格式调整技巧}{chapter.8}% 231
\BOOKMARK [2][-]{subsection.8.2.1}{description换行}{section.8.2}% 232
\BOOKMARK [2][-]{subsection.8.2.2}{下划线的处理}{section.8.2}% 233
\BOOKMARK [1][-]{section.8.3}{查看帮助}{chapter.8}% 234
\BOOKMARK [2][-]{subsection.8.3.1}{Latex转rtf格式}{section.8.3}% 235
\BOOKMARK [2][-]{subsection.8.3.2}{Latex转html}{section.8.3}% 236
\BOOKMARK [2][-]{subsection.8.3.3}{Latex公式转LibreOffice公式}{section.8.3}% 237
\BOOKMARK [2][-]{subsection.8.3.4}{LibreOffice转Latex}{section.8.3}% 238
\BOOKMARK [1][-]{section.8.4}{插入内容}{chapter.8}% 239
\BOOKMARK [2][-]{subsection.8.4.1}{插入图片}{section.8.4}% 240
\BOOKMARK [2][-]{subsection.8.4.2}{插入特殊字符}{section.8.4}% 241
\BOOKMARK [2][-]{subsection.8.4.3}{URL}{section.8.4}% 242
\BOOKMARK [2][-]{subsection.8.4.4}{插入交叉引用}{section.8.4}% 243
\BOOKMARK [2][-]{subsection.8.4.5}{插入程序代码}{section.8.4}% 244
\BOOKMARK [1][-]{section.8.5}{OpenOffice公式输入技巧}{chapter.8}% 245
\BOOKMARK [1][-]{section.8.6}{Word参考文献自动修改}{chapter.8}% 246
\BOOKMARK [1][-]{section.8.7}{一次性帮你解决毕业论文的所有排版问题}{chapter.8}% 247
\BOOKMARK [1][-]{section.8.8}{xelatex下的字体调节}{chapter.8}% 248
\BOOKMARK [2][-]{subsection.8.8.1}{字形调节}{section.8.8}% 249
\BOOKMARK [2][-]{subsection.8.8.2}{全局字体设置}{section.8.8}% 250
\BOOKMARK [2][-]{subsection.8.8.3}{xeCJK字体调用}{section.8.8}% 251
\BOOKMARK [1][-]{section.8.9}{中文处理的CJK方法}{chapter.8}% 252
\BOOKMARK [1][-]{section.8.10}{论文结构中文化}{chapter.8}% 253
\BOOKMARK [0][-]{chapter.9}{编程工具}{part.3}% 254
\BOOKMARK [1][-]{section.9.1}{Cscope用法要略}{chapter.9}% 255
\BOOKMARK [1][-]{section.9.2}{Ctags关键用法}{chapter.9}% 256
\BOOKMARK [1][-]{section.9.3}{数据文件分析工具}{chapter.9}% 257
\BOOKMARK [2][-]{subsection.9.3.1}{十六进制显示}{section.9.3}% 258
\BOOKMARK [2][-]{subsection.9.3.2}{十六进制编辑}{section.9.3}% 259
\BOOKMARK [2][-]{subsection.9.3.3}{其他}{section.9.3}% 260
\BOOKMARK [1][-]{section.9.4}{Doxygen文档生成工具}{chapter.9}% 261
\BOOKMARK [1][-]{section.9.5}{GDB调试器使用要略}{chapter.9}% 262
\BOOKMARK [2][-]{subsection.9.5.1}{查看源码}{section.9.5}% 263
\BOOKMARK [2][-]{subsection.9.5.2}{断点}{section.9.5}% 264
\BOOKMARK [2][-]{subsection.9.5.3}{步进}{section.9.5}% 265
\BOOKMARK [2][-]{subsection.9.5.4}{查看上下文信息}{section.9.5}% 266
\BOOKMARK [2][-]{subsection.9.5.5}{查看指定变量}{section.9.5}% 267
\BOOKMARK [2][-]{subsection.9.5.6}{Patching:就地修补}{section.9.5}% 268
\BOOKMARK [2][-]{subsection.9.5.7}{观察值}{section.9.5}% 269
\BOOKMARK [1][-]{section.9.6}{git用法}{chapter.9}% 270
\BOOKMARK [2][-]{subsection.9.6.1}{配置}{section.9.6}% 271
\BOOKMARK [2][-]{subsection.9.6.2}{基本用法}{section.9.6}% 272
\BOOKMARK [2][-]{subsection.9.6.3}{显示id}{section.9.6}% 273
\BOOKMARK [1][-]{section.9.7}{Indent代码排版工具}{chapter.9}% 274
\BOOKMARK [1][-]{section.9.8}{Nerd注释插件用法}{chapter.9}% 275
\BOOKMARK [1][-]{section.9.9}{Python IDE选用}{chapter.9}% 276
\BOOKMARK [2][-]{subsection.9.9.1}{Vim搭建Python IDE}{section.9.9}% 277
\BOOKMARK [2][-]{subsection.9.9.2}{ctags配置}{section.9.9}% 278
\BOOKMARK [2][-]{subsection.9.9.3}{Eric}{section.9.9}% 279
\BOOKMARK [2][-]{subsection.9.9.4}{IDLE}{section.9.9}% 280
\BOOKMARK [1][-]{section.9.10}{Subversion版本修订控制}{chapter.9}% 281
\BOOKMARK [1][-]{section.9.11}{Vim之taglist插件}{chapter.9}% 282
\BOOKMARK [1][-]{section.9.12}{UML正反向工程}{chapter.9}% 283
\BOOKMARK [1][-]{section.9.13}{Vim文本编辑}{chapter.9}% 284
\BOOKMARK [2][-]{subsection.9.13.1}{快速键入}{section.9.13}% 285
\BOOKMARK [2][-]{subsection.9.13.2}{快速配对区域操作}{section.9.13}% 286
\BOOKMARK [2][-]{subsection.9.13.3}{跨文档复制粘贴}{section.9.13}% 287
\BOOKMARK [2][-]{subsection.9.13.4}{跨文件字符替换}{section.9.13}% 288
\BOOKMARK [2][-]{subsection.9.13.5}{文档统计}{section.9.13}% 289
\BOOKMARK [2][-]{subsection.9.13.6}{基于空格的列操作}{section.9.13}% 290
\BOOKMARK [2][-]{subsection.9.13.7}{折行的开与关}{section.9.13}% 291
\BOOKMARK [2][-]{subsection.9.13.8}{屏幕错乱}{section.9.13}% 292
\BOOKMARK [2][-]{subsection.9.13.9}{键入特殊字符}{section.9.13}% 293
\BOOKMARK [2][-]{subsection.9.13.10}{键入Unicode字符}{section.9.13}% 294
\BOOKMARK [2][-]{subsection.9.13.11}{快速插入日期}{section.9.13}% 295
\BOOKMARK [2][-]{subsection.9.13.12}{大小写替换}{section.9.13}% 296
\BOOKMARK [2][-]{subsection.9.13.13}{列选择模式}{section.9.13}% 297
\BOOKMARK [2][-]{subsection.9.13.14}{缩写}{section.9.13}% 298
\BOOKMARK [2][-]{subsection.9.13.15}{C程序缩进}{section.9.13}% 299
\BOOKMARK [2][-]{subsection.9.13.16}{英文拼写检查}{section.9.13}% 300
\BOOKMARK [2][-]{subsection.9.13.17}{vim选项的值}{section.9.13}% 301
\BOOKMARK [2][-]{subsection.9.13.18}{重新载入vimrc}{section.9.13}% 302
\BOOKMARK [1][-]{section.9.14}{在Vim中编写tex文件}{chapter.9}% 303
\BOOKMARK [2][-]{subsection.9.14.1}{latexsuite安装与配置}{section.9.14}% 304
\BOOKMARK [2][-]{subsection.9.14.2}{配置文件}{section.9.14}% 305
\BOOKMARK [2][-]{subsection.9.14.3}{环境插入}{section.9.14}% 306
\BOOKMARK [2][-]{subsection.9.14.4}{分节}{section.9.14}% 307
\BOOKMARK [2][-]{subsection.9.14.5}{借助sort命令多域排序}{section.9.14}% 308
\BOOKMARK [2][-]{subsection.9.14.6}{表格标记添加}{section.9.14}% 309
\BOOKMARK [1][-]{section.9.15}{Vim跳转}{chapter.9}% 310
\BOOKMARK [2][-]{subsection.9.15.1}{同时打开两个文件}{section.9.15}% 311
\BOOKMARK [2][-]{subsection.9.15.2}{命令行窗口}{section.9.15}% 312
\BOOKMARK [2][-]{subsection.9.15.3}{shell跳转}{section.9.15}% 313
\BOOKMARK [2][-]{subsection.9.15.4}{路径跳转}{section.9.15}% 314
\BOOKMARK [2][-]{subsection.9.15.5}{文件跳转}{section.9.15}% 315
\BOOKMARK [2][-]{subsection.9.15.6}{语句跳转}{section.9.15}% 316
\BOOKMARK [2][-]{subsection.9.15.7}{标签页操作}{section.9.15}% 317
\BOOKMARK [1][-]{section.9.16}{Nerd注释插件用法}{chapter.9}% 318
\BOOKMARK [1][-]{section.9.17}{Python IDE选用}{chapter.9}% 319
\BOOKMARK [2][-]{subsection.9.17.1}{Vim搭建Python IDE}{section.9.17}% 320
\BOOKMARK [2][-]{subsection.9.17.2}{ctags配置}{section.9.17}% 321
\BOOKMARK [2][-]{subsection.9.17.3}{Eric}{section.9.17}% 322
\BOOKMARK [2][-]{subsection.9.17.4}{IDLE}{section.9.17}% 323
\BOOKMARK [1][-]{section.9.18}{Vim之quickfix插件}{chapter.9}% 324
\BOOKMARK [1][-]{section.9.19}{Vim之taglist插件}{chapter.9}% 325
\BOOKMARK [0][-]{chapter.10}{其他桌面工具和技巧}{part.3}% 326
\BOOKMARK [1][-]{section.10.1}{实用计算、查询与搜索}{chapter.10}% 327
\BOOKMARK [2][-]{subsection.10.1.1}{算数}{section.10.1}% 328
\BOOKMARK [2][-]{subsection.10.1.2}{进制转换}{section.10.1}% 329
\BOOKMARK [2][-]{subsection.10.1.3}{ASCII码表}{section.10.1}% 330
\BOOKMARK [2][-]{subsection.10.1.4}{时间计算}{section.10.1}% 331
\BOOKMARK [2][-]{subsection.10.1.5}{日历查询}{section.10.1}% 332
\BOOKMARK [2][-]{subsection.10.1.6}{IP地址查询}{section.10.1}% 333
\BOOKMARK [2][-]{subsection.10.1.7}{Google汇率查询}{section.10.1}% 334
\BOOKMARK [2][-]{subsection.10.1.8}{Google单位换算}{section.10.1}% 335
\BOOKMARK [2][-]{subsection.10.1.9}{Google技巧}{section.10.1}% 336
\BOOKMARK [1][-]{section.10.2}{ImageMagick工具用法}{chapter.10}% 337
\BOOKMARK [1][-]{section.10.3}{音视频播放与编辑}{chapter.10}% 338
\BOOKMARK [2][-]{subsection.10.3.1}{视频播放控制}{section.10.3}% 339
\BOOKMARK [2][-]{subsection.10.3.2}{音视频文件编辑}{section.10.3}% 340
\BOOKMARK [1][-]{section.10.4}{网络通信工具}{chapter.10}% 341
\BOOKMARK [2][-]{subsection.10.4.1}{邮件提醒}{section.10.4}% 342
\BOOKMARK [2][-]{subsection.10.4.2}{即时通信}{section.10.4}% 343
\BOOKMARK [2][-]{subsection.10.4.3}{聊天消息提醒}{section.10.4}% 344
\BOOKMARK [2][-]{subsection.10.4.4}{Chromium浏览器}{section.10.4}% 345
\BOOKMARK [2][-]{subsection.10.4.5}{远程登录}{section.10.4}% 346
\BOOKMARK [1][-]{section.10.5}{PDF阅读、编辑和转换}{chapter.10}% 347
\BOOKMARK [2][-]{subsection.10.5.1}{PDF阅读与批注}{section.10.5}% 348
\BOOKMARK [2][-]{subsection.10.5.2}{PDF书签编辑}{section.10.5}% 349
\BOOKMARK [2][-]{subsection.10.5.3}{PDF页面级编辑}{section.10.5}% 350
\BOOKMARK [2][-]{subsection.10.5.4}{PDF元素级编辑}{section.10.5}% 351
\BOOKMARK [2][-]{subsection.10.5.5}{PDF元数据}{section.10.5}% 352
\BOOKMARK [2][-]{subsection.10.5.6}{PDF格式转换}{section.10.5}% 353
\BOOKMARK [1][-]{section.10.6}{访问铁道部网站}{chapter.10}% 354
\BOOKMARK [1][-]{section.10.7}{wget下载网站}{chapter.10}% 355
\BOOKMARK [1][-]{section.10.8}{Windows的U盘启动与U盘安装}{chapter.10}% 356
\BOOKMARK [-1][-]{part.4}{IV 计算机程序设计}{}% 357
\BOOKMARK [0][-]{chapter.11}{编程方法杂谈}{part.4}% 358
\BOOKMARK [1][-]{section.11.1}{编程语言基础知识}{chapter.11}% 359
\BOOKMARK [1][-]{section.11.2}{程序员的十层楼}{chapter.11}% 360
\BOOKMARK [1][-]{section.11.3}{大师辑录}{chapter.11}% 361
\BOOKMARK [0][-]{chapter.12}{Shell编程}{part.4}% 362
\BOOKMARK [1][-]{section.12.1}{awk语言}{chapter.12}% 363
\BOOKMARK [1][-]{section.12.2}{cut命令用法笔记}{chapter.12}% 364
\BOOKMARK [1][-]{section.12.3}{find和xargs}{chapter.12}% 365
\BOOKMARK [2][-]{subsection.12.3.1}{xargs命令}{section.12.3}% 366
\BOOKMARK [2][-]{subsection.12.3.2}{find命令}{section.12.3}% 367
\BOOKMARK [2][-]{subsection.12.3.3}{只显示文件夹}{section.12.3}% 368
\BOOKMARK [1][-]{section.12.4}{sed的使用}{chapter.12}% 369
\BOOKMARK [1][-]{section.12.5}{sort用法笔记}{chapter.12}% 370
\BOOKMARK [1][-]{section.12.6}{uniq命令用法笔记}{chapter.12}% 371
\BOOKMARK [0][-]{chapter.13}{C编程}{part.4}% 372
\BOOKMARK [1][-]{section.13.1}{常见错误}{chapter.13}% 373
\BOOKMARK [1][-]{section.13.2}{C/C++ man手册页}{chapter.13}% 374
\BOOKMARK [1][-]{section.13.3}{C++中extern “C”含义深层探索}{chapter.13}% 375
\BOOKMARK [2][-]{subsection.13.3.1}{引言}{section.13.3}% 376
\BOOKMARK [2][-]{subsection.13.3.2}{从标准头文件说起}{section.13.3}% 377
\BOOKMARK [2][-]{subsection.13.3.3}{深层揭密extern "C"}{section.13.3}% 378
\BOOKMARK [2][-]{subsection.13.3.4}{extern "C"的惯用法}{section.13.3}% 379
\BOOKMARK [1][-]{section.13.4}{Linux平台C语言获取本机IP}{chapter.13}% 380
\BOOKMARK [1][-]{section.13.5}{int转为字符串类型的几种方法}{chapter.13}% 381
\BOOKMARK [1][-]{section.13.6}{printf的覆盖定义}{chapter.13}% 382
\BOOKMARK [2][-]{subsection.13.6.1}{宏替换法}{section.13.6}% 383
\BOOKMARK [2][-]{subsection.13.6.2}{函数指针法}{section.13.6}% 384
\BOOKMARK [2][-]{subsection.13.6.3}{interposition}{section.13.6}% 385
\BOOKMARK [1][-]{section.13.7}{Makefile}{chapter.13}% 386
\BOOKMARK [1][-]{section.13.8}{c语言字符串数字转换函数}{chapter.13}% 387
\BOOKMARK [1][-]{section.13.9}{C/C++中的日期和时间}{chapter.13}% 388
\BOOKMARK [1][-]{section.13.10}{程序计时}{chapter.13}% 389
\BOOKMARK [1][-]{section.13.11}{C/C++中的日期和时间}{chapter.13}% 390
\BOOKMARK [0][-]{chapter.14}{Python编程}{part.4}% 391
\BOOKMARK [1][-]{section.14.1}{Python版本查询}{chapter.14}% 392
\BOOKMARK [1][-]{section.14.2}{Python额外包安装}{chapter.14}% 393
\BOOKMARK [1][-]{section.14.3}{Python类型判断}{chapter.14}% 394
\BOOKMARK [1][-]{section.14.4}{Python特殊矩阵}{chapter.14}% 395
\BOOKMARK [1][-]{section.14.5}{Python时间与日期}{chapter.14}% 396
\BOOKMARK [1][-]{section.14.6}{Python读写Excel文件}{chapter.14}% 397
\BOOKMARK [1][-]{section.14.7}{Python脚本}{chapter.14}% 398
\BOOKMARK [2][-]{subsection.14.7.1}{检查文件是否存在}{section.14.7}% 399
\BOOKMARK [2][-]{subsection.14.7.2}{当前脚本名字}{section.14.7}% 400
\BOOKMARK [2][-]{subsection.14.7.3}{执行外部程序}{section.14.7}% 401
\BOOKMARK [1][-]{section.14.8}{Python字符编码问题}{chapter.14}% 402
\BOOKMARK [2][-]{subsection.14.8.1}{Python中文字符输出}{section.14.8}% 403
\BOOKMARK [2][-]{subsection.14.8.2}{Python Unicode序列与字符串}{section.14.8}% 404
\BOOKMARK [0][-]{chapter.15}{算法}{part.4}% 405
\BOOKMARK [1][-]{section.15.1}{二分查找代码示例}{chapter.15}% 406
\BOOKMARK [2][-]{subsection.15.1.1}{半闭区间，单次比较}{section.15.1}% 407
\BOOKMARK [2][-]{subsection.15.1.2}{半闭区间双次比较}{section.15.1}% 408
\BOOKMARK [2][-]{subsection.15.1.3}{闭区间单比较}{section.15.1}% 409
\BOOKMARK [2][-]{subsection.15.1.4}{闭区间双次比较}{section.15.1}% 410
\BOOKMARK [1][-]{section.15.2}{快速排序代码示例}{chapter.15}% 411
\BOOKMARK [1][-]{section.15.3}{数据结构问题举例}{chapter.15}% 412
\BOOKMARK [2][-]{subsection.15.3.1}{简洁实现升序链表插入}{section.15.3}% 413
\BOOKMARK [2][-]{subsection.15.3.2}{简洁实现BST插入}{section.15.3}% 414
\BOOKMARK [2][-]{subsection.15.3.3}{m个互异整数搜索结构}{section.15.3}% 415
\BOOKMARK [2][-]{subsection.15.3.4}{实现快速返回最大值的队列}{section.15.3}% 416
\BOOKMARK [2][-]{subsection.15.3.5}{有序文件多路归并}{section.15.3}% 417
\BOOKMARK [2][-]{subsection.15.3.6}{二叉树中最远节点}{section.15.3}% 418
\BOOKMARK [2][-]{subsection.15.3.7}{分层遍历二叉树}{section.15.3}% 419
\BOOKMARK [2][-]{subsection.15.3.8}{实现快速返回最大值的队列}{section.15.3}% 420
\BOOKMARK [2][-]{subsection.15.3.9}{二叉树中最远节点}{section.15.3}% 421
\BOOKMARK [2][-]{subsection.15.3.10}{分层遍历二叉树}{section.15.3}% 422
\BOOKMARK [2][-]{subsection.15.3.11}{稀疏矩阵存储}{section.15.3}% 423
\BOOKMARK [1][-]{section.15.4}{数据分析问题举例}{chapter.15}% 424
\BOOKMARK [2][-]{subsection.15.4.1}{数组中最大的K个数}{section.15.4}% 425
\BOOKMARK [2][-]{subsection.15.4.2}{找到数组中最大数和最小数}{section.15.4}% 426
\BOOKMARK [2][-]{subsection.15.4.3}{求众数和绝对众数}{section.15.4}% 427
\BOOKMARK [2][-]{subsection.15.4.4}{数组相邻差值最大值}{section.15.4}% 428
\BOOKMARK [2][-]{subsection.15.4.5}{找出数组中和为给定值S的两个数}{section.15.4}% 429
\BOOKMARK [2][-]{subsection.15.4.6}{子向量最大和}{section.15.4}% 430
\BOOKMARK [2][-]{subsection.15.4.7}{总和最接近0的子向量}{section.15.4}% 431
\BOOKMARK [2][-]{subsection.15.4.8}{总和最接近常数t的子向量}{section.15.4}% 432
\BOOKMARK [2][-]{subsection.15.4.9}{环形数组子向量最大和}{section.15.4}% 433
\BOOKMARK [2][-]{subsection.15.4.10}{二维数组子向量最大和}{section.15.4}% 434
\BOOKMARK [2][-]{subsection.15.4.11}{最长递增子序列}{section.15.4}% 435
\BOOKMARK [2][-]{subsection.15.4.12}{数组均匀分割}{section.15.4}% 436
\BOOKMARK [2][-]{subsection.15.4.13}{坐标系中最近点对}{section.15.4}% 437
\BOOKMARK [2][-]{subsection.15.4.14}{目标区间是否包含于源区间并集}{section.15.4}% 438
\BOOKMARK [2][-]{subsection.15.4.15}{丢失的备份}{section.15.4}% 439
\BOOKMARK [2][-]{subsection.15.4.16}{缺失的整数}{section.15.4}% 440
\BOOKMARK [2][-]{subsection.15.4.17}{至少出现两次的整数}{section.15.4}% 441
\BOOKMARK [2][-]{subsection.15.4.18}{约瑟夫环问题}{section.15.4}% 442
\BOOKMARK [1][-]{section.15.5}{进制表示问题举例}{chapter.15}% 443
\BOOKMARK [2][-]{subsection.15.5.1}{N!十进制/二进制中末尾的0个数}{section.15.5}% 444
\BOOKMARK [2][-]{subsection.15.5.2}{选择M，使N*M只包含0和1}{section.15.5}% 445
\BOOKMARK [2][-]{subsection.15.5.3}{Hamming\040Weight\(Population\040Count\)}{section.15.5}% 446
\BOOKMARK [2][-]{subsection.15.5.4}{长内存块中bit1的个数}{section.15.5}% 447
\BOOKMARK [2][-]{subsection.15.5.5}{高效实现C语言isupper函数}{section.15.5}% 448
\BOOKMARK [1][-]{section.15.6}{数论问题举例}{chapter.15}% 449
\BOOKMARK [2][-]{subsection.15.6.1}{最大公约数}{section.15.6}% 450
\BOOKMARK [2][-]{subsection.15.6.2}{自然数是否可表示为连续自然数之和}{section.15.6}% 451
\BOOKMARK [1][-]{section.15.7}{计算问题举例}{chapter.15}% 452
\BOOKMARK [2][-]{subsection.15.7.1}{桶计算}{section.15.7}% 453
\BOOKMARK [2][-]{subsection.15.7.2}{计算浮点数均值}{section.15.7}% 454
\BOOKMARK [2][-]{subsection.15.7.3}{矩阵的幂}{section.15.7}% 455
\BOOKMARK [2][-]{subsection.15.7.4}{Fibonacci数列}{section.15.7}% 456
\BOOKMARK [2][-]{subsection.15.7.5}{运算方式受限的连续自然数求和}{section.15.7}% 457
\BOOKMARK [2][-]{subsection.15.7.6}{不定子向量频繁增减不定值}{section.15.7}% 458
\BOOKMARK [2][-]{subsection.15.7.7}{除掉一个数，使剩余数乘积最大}{section.15.7}% 459
\BOOKMARK [1][-]{section.15.8}{字符串问题举例}{chapter.15}% 460
\BOOKMARK [2][-]{subsection.15.8.1}{字符串循环右移K位}{section.15.8}% 461
\BOOKMARK [2][-]{subsection.15.8.2}{字符串移位包含问题}{section.15.8}% 462
\BOOKMARK [2][-]{subsection.15.8.3}{词典聚类:变位词和电话键盘}{section.15.8}% 463
\BOOKMARK [2][-]{subsection.15.8.4}{字串枚举:电话号码对应英文单词}{section.15.8}% 464
\BOOKMARK [2][-]{subsection.15.8.5}{文档词频统计}{section.15.8}% 465
\BOOKMARK [2][-]{subsection.15.8.6}{至少重复两次短语最大长度}{section.15.8}% 466
\BOOKMARK [2][-]{subsection.15.8.7}{K单词马尔可夫文本预测}{section.15.8}% 467
\BOOKMARK [2][-]{subsection.15.8.8}{最长公共子序列LCS}{section.15.8}% 468
\BOOKMARK [2][-]{subsection.15.8.9}{最长公共子字符串}{section.15.8}% 469
\BOOKMARK [2][-]{subsection.15.8.10}{字符串相似度}{section.15.8}% 470
\BOOKMARK [2][-]{subsection.15.8.11}{包含所有关键词的最短摘要}{section.15.8}% 471
\BOOKMARK [2][-]{subsection.15.8.12}{字符串中只出现一次的字符}{section.15.8}% 472
\BOOKMARK [2][-]{subsection.15.8.13}{比特字符串排序}{section.15.8}% 473
\BOOKMARK [2][-]{subsection.15.8.14}{字符串排序}{section.15.8}% 474
\BOOKMARK [1][-]{section.15.9}{杂问题举例}{chapter.15}% 475
\BOOKMARK [2][-]{subsection.15.9.1}{装箱问题的首次适应算法}{section.15.9}% 476
\BOOKMARK [2][-]{subsection.15.9.2}{日期计算}{section.15.9}% 477
\BOOKMARK [2][-]{subsection.15.9.3}{大空间初始化避免}{section.15.9}% 478
\BOOKMARK [2][-]{subsection.15.9.4}{区间[0,n-1]随机取出m个整数}{section.15.9}% 479
\BOOKMARK [1][-]{section.15.10}{排序算法}{chapter.15}% 480
\BOOKMARK [2][-]{subsection.15.10.1}{排序算法分类}{section.15.10}% 481
\BOOKMARK [2][-]{subsection.15.10.2}{空间复杂度}{section.15.10}% 482
\BOOKMARK [2][-]{subsection.15.10.3}{稳定性}{section.15.10}% 483
\BOOKMARK [2][-]{subsection.15.10.4}{快速排序}{section.15.10}% 484
\BOOKMARK [2][-]{subsection.15.10.5}{堆排序}{section.15.10}% 485
\BOOKMARK [2][-]{subsection.15.10.6}{外部排序}{section.15.10}% 486
\BOOKMARK [2][-]{subsection.15.10.7}{整数排序}{section.15.10}% 487
\BOOKMARK [1][-]{section.15.11}{编程问题总结}{chapter.15}% 488
\BOOKMARK [2][-]{subsection.15.11.1}{空间节省技术}{section.15.11}% 489
\BOOKMARK [2][-]{subsection.15.11.2}{循环不变式}{section.15.11}% 490
\BOOKMARK [2][-]{subsection.15.11.3}{利用哨兵减少判断}{section.15.11}% 491
\BOOKMARK [2][-]{subsection.15.11.4}{克服malloc瓶颈}{section.15.11}% 492
\BOOKMARK [2][-]{subsection.15.11.5}{if-else灾难与switch膨胀}{section.15.11}% 493
\BOOKMARK [2][-]{subsection.15.11.6}{分治法时间复杂度}{section.15.11}% 494
\BOOKMARK [1][-]{section.15.12}{历法常识}{chapter.15}% 495
\BOOKMARK [2][-]{subsection.15.12.1}{闰年的计算}{section.15.12}% 496
\BOOKMARK [2][-]{subsection.15.12.2}{阳历和阴历}{section.15.12}% 497
\BOOKMARK [2][-]{subsection.15.12.3}{儒略历和阴历}{section.15.12}% 498
\BOOKMARK [2][-]{subsection.15.12.4}{纪年}{section.15.12}% 499
\BOOKMARK [2][-]{subsection.15.12.5}{相关历史人物和事件}{section.15.12}% 500
